Build started 12/4/2013 9:49:31 PM.
     1>Project "C:\Users\isaac_000\Projects\cpts422_hw7\TextSimpletron\TextSimpletron.vcxproj" on node 2 (Build target(s)).
     1>ClCompile:
         C:\Program Files (x86)\Microsoft Visual Studio 11.0\VC\bin\CL.exe /c /ZI /nologo /W3 /WX- /Od /Oy- /D WIN32 /D _DEBUG /D _CONSOLE /D _UNICODE /D UNICODE /Gm /EHsc /RTC1 /MDd /GS /fp:precise /Zc:wchar_t /Zc:forScope /Fo"Debug\\" /Fd"Debug\vc110.pdb" /Gd /TP /analyze- /errorReport:prompt SimApp.cpp Simpletron.cpp SmlInstruction.cpp main.cpp
         Simpletron.cpp
         Generating Code...
         Compiling...
         main.cpp
         SmlInstruction.cpp
     1>c:\users\isaac_000\projects\cpts422_hw7\textsimpletron\smlinstruction.cpp(30): warning C4244: 'initializing' : conversion from 'std::streamsize' to 'int', possible loss of data
         SimApp.cpp
     1>c:\users\isaac_000\projects\cpts422_hw7\textsimpletron\simapp.cpp(40): warning C4996: 'strncpy': This function or variable may be unsafe. Consider using strncpy_s instead. To disable deprecation, use _CRT_SECURE_NO_WARNINGS. See online help for details.
                 c:\program files (x86)\microsoft visual studio 11.0\vc\include\string.h(191) : see declaration of 'strncpy'
         Generating Code...
       Link:
         C:\Program Files (x86)\Microsoft Visual Studio 11.0\VC\bin\link.exe /ERRORREPORT:PROMPT /OUT:"C:\Users\isaac_000\Projects\cpts422_hw7\TextSimpletron\Debug\TextSimpletron.exe" /INCREMENTAL /NOLOGO kernel32.lib user32.lib gdi32.lib winspool.lib comdlg32.lib advapi32.lib shell32.lib ole32.lib oleaut32.lib uuid.lib odbc32.lib odbccp32.lib /MANIFEST /MANIFESTUAC:"level='asInvoker' uiAccess='false'" /manifest:embed /DEBUG /PDB:"C:\Users\isaac_000\Projects\cpts422_hw7\TextSimpletron\Debug\TextSimpletron.pdb" /SUBSYSTEM:CONSOLE /TLBID:1 /DYNAMICBASE:NO /IMPLIB:"C:\Users\isaac_000\Projects\cpts422_hw7\TextSimpletron\Debug\TextSimpletron.lib" /MACHINE:X86 /SAFESEH Debug\main.obj
         Debug\SimApp.obj
         Debug\Simpletron.obj
         Debug\SmlInstruction.obj
         TextSimpletron.vcxproj -> C:\Users\isaac_000\Projects\cpts422_hw7\TextSimpletron\Debug\TextSimpletron.exe
     1>Done Building Project "C:\Users\isaac_000\Projects\cpts422_hw7\TextSimpletron\TextSimpletron.vcxproj" (Build target(s)).

Build succeeded.

Time Elapsed 00:00:04.24
